<?xml version="1.0" encoding="UTF-8"?>
<!-- Generated by org.testng.reporters.JUnitReportReporter -->
<testsuite hostname="Mustafa" failures="0" tests="1" name="testCases.LoginTest" time="1.655" errors="0" timestamp="2024-09-22T11:46:21 EDT" skipped="0">
  <testcase classname="testCases.LoginTest" name="validateLogin" time="1.655"/>
  <system-out/>
</testsuite> <!-- testCases.LoginTest -->
