<?xml version="1.0" encoding="UTF-8"?>
<!-- Generated by org.testng.reporters.JUnitReportReporter -->
<testsuite hostname="Mustafa" failures="0" tests="4" name="testCases.LoginDDT" time="51.969" errors="0" timestamp="2024-09-28T13:32:36 EDT" skipped="0">
  <testcase classname="testCases.LoginDDT" name="validate_loginDDT" time="2.378"/>
  <system-out/>
  <testcase classname="testCases.LoginDDT" name="validate_loginDDT" time="16.329"/>
  <system-out/>
  <testcase classname="testCases.LoginDDT" name="validate_loginDDT" time="16.171"/>
  <system-out/>
  <testcase classname="testCases.LoginDDT" name="validate_loginDDT" time="17.091"/>
  <system-out/>
</testsuite> <!-- testCases.LoginDDT -->
