<?xml version="1.0" encoding="UTF-8"?>
<!-- Generated by org.testng.reporters.JUnitReportReporter -->
<testsuite hostname="Mustafa" failures="0" tests="1" name="testCases.AccountRegistrationTest" time="2.469" errors="0" timestamp="2024-09-29T13:26:11 EDT" skipped="0">
  <testcase classname="testCases.AccountRegistrationTest" name="validateAccountRegistration" time="2.469"/>
  <system-out/>
</testsuite> <!-- testCases.AccountRegistrationTest -->
